<?xml version="1.0" encoding="UTF-8"?>
<!-- Generated by org.testng.reporters.JUnitXMLReporter -->
<testsuite ignored="0" hostname="Ban" failures="2" tests="2" name="Command line test" time="0.028" errors="0" timestamp="24 Jun 2025 01:52:49 GMT">
  <testcase classname="JDBCseleniumandrestassured.JDBCSeleniumAndRestAssuredTest" name="DBwithRestAssuredTest" time="0.006">
    <failure type="java.lang.RuntimeException" message="Test not implemented">
      <![CDATA[java.lang.RuntimeException: Test not implemented
at JDBCseleniumandrestassured.JDBCSeleniumAndRestAssuredTest.DBwithRestAssuredTest(JDBCSeleniumAndRestAssuredTest.java:9)
... Removed 34 stack frames]]>
    </failure>
  </testcase> <!-- DBwithRestAssuredTest -->
  <testcase classname="JDBCseleniumandrestassured.JDBCSeleniumAndRestAssuredTest" name="logInTest" time="0.0">
    <failure type="java.lang.RuntimeException" message="Test not implemented">
      <![CDATA[java.lang.RuntimeException: Test not implemented
at JDBCseleniumandrestassured.JDBCSeleniumAndRestAssuredTest.logInTest(JDBCSeleniumAndRestAssuredTest.java:14)
... Removed 34 stack frames]]>
    </failure>
  </testcase> <!-- logInTest -->
</testsuite> <!-- Command line test -->
